<?xml version="1.0" encoding="UTF-8"?>
<testng-results skipped="0" failed="0" ignored="0" total="1" passed="1">
  <reporter-output>
  </reporter-output>
  <suite name="Default suite" duration-ms="7469" started-at="2022-07-14T20:43:34 IST" finished-at="2022-07-14T20:43:41 IST">
    <groups>
    </groups>
    <test name="Default test" duration-ms="7469" started-at="2022-07-14T20:43:34 IST" finished-at="2022-07-14T20:43:41 IST">
      <class name="LoginTestcase.Login">
        <test-method status="PASS" signature="f()[pri:0, instance:LoginTestcase.Login@2ac273d3]" name="f" duration-ms="7441" started-at="2022-07-14T20:43:34 IST" finished-at="2022-07-14T20:43:41 IST">
          <reporter-output>
          </reporter-output>
        </test-method> <!-- f -->
      </class> <!-- LoginTestcase.Login -->
    </test> <!-- Default test -->
  </suite> <!-- Default suite -->
</testng-results>
